1528119329966	geckodriver	INFO	geckodriver 0.19.1
1528119329989	geckodriver	INFO	Listening on 127.0.0.1:54619
1528119331258	mozrunner::runner	INFO	Running command: "/usr/bin/firefox" "-marionette" "-profile" "/tmp/rust_mozprofile.QQPJ1nH218Od"
1528119338717	Marionette	INFO	Listening on port 36819
1528119338817	Marionette	WARN	TLS certificate errors will be ignored for this session
1528119439672	geckodriver	INFO	geckodriver 0.19.1
1528119439683	geckodriver	INFO	Listening on 127.0.0.1:57106
1528119440917	mozrunner::runner	INFO	Running command: "/usr/bin/firefox" "-marionette" "-profile" "/tmp/rust_mozprofile.5LF9qzgZor04"
1528119447266	Marionette	INFO	Listening on port 43644
1528119447355	Marionette	WARN	TLS certificate errors will be ignored for this session
1528120962534	geckodriver	INFO	geckodriver 0.19.1
1528120962560	geckodriver	INFO	Listening on 127.0.0.1:45730
1528120963100	mozrunner::runner	INFO	Running command: "/usr/bin/firefox" "-marionette" "-profile" "/tmp/rust_mozprofile.95wEgctWF6HC"
1528120970236	Marionette	INFO	Listening on port 44246
1528120970349	Marionette	WARN	TLS certificate errors will be ignored for this session
1528121163052	geckodriver	INFO	geckodriver 0.19.1
1528121163065	geckodriver	INFO	Listening on 127.0.0.1:51577
1528121164589	mozrunner::runner	INFO	Running command: "/usr/bin/firefox" "-marionette" "-profile" "/tmp/rust_mozprofile.bwLQhHpL9cpv"
1528121171675	Marionette	INFO	Listening on port 35944
1528121171745	Marionette	WARN	TLS certificate errors will be ignored for this session
1528121275263	geckodriver	INFO	geckodriver 0.19.1
1528121275275	geckodriver	INFO	Listening on 127.0.0.1:56732
1528121276754	mozrunner::runner	INFO	Running command: "/usr/bin/firefox" "-marionette" "-profile" "/tmp/rust_mozprofile.MpgD1PL2uaWD"
1528121284064	Marionette	INFO	Listening on port 33002
1528121284114	Marionette	WARN	TLS certificate errors will be ignored for this session
JavaScript error: http://beautiful-soup-4.readthedocs.io/en/latest/, line 3404: ReferenceError: jQuery is not defined
1528123956962	geckodriver	INFO	geckodriver 0.19.1
1528123956972	geckodriver	INFO	Listening on 127.0.0.1:56965
1528123958416	mozrunner::runner	INFO	Running command: "/usr/bin/firefox" "-marionette" "-profile" "/tmp/rust_mozprofile.X9VYNPdXYKtm"
1528123965200	Marionette	INFO	Listening on port 33681
1528123965285	Marionette	WARN	TLS certificate errors will be ignored for this session
1528125007115	geckodriver	INFO	geckodriver 0.19.1
1528125007126	geckodriver	INFO	Listening on 127.0.0.1:34739
1528125008579	mozrunner::runner	INFO	Running command: "/usr/bin/firefox" "-marionette" "-profile" "/tmp/rust_mozprofile.WMY5uhNAgFN4"
1528125015787	Marionette	INFO	Listening on port 46303
1528125015863	Marionette	WARN	TLS certificate errors will be ignored for this session
1528125155907	geckodriver	INFO	geckodriver 0.19.1
1528125155917	geckodriver	INFO	Listening on 127.0.0.1:47328
1528125157351	mozrunner::runner	INFO	Running command: "/usr/bin/firefox" "-marionette" "-profile" "/tmp/rust_mozprofile.p5dGGDZhqols"
1528125164321	Marionette	INFO	Listening on port 34966
1528125164396	Marionette	WARN	TLS certificate errors will be ignored for this session
1528125379191	geckodriver	INFO	geckodriver 0.19.1
1528125379201	geckodriver	INFO	Listening on 127.0.0.1:59827
1528125380654	mozrunner::runner	INFO	Running command: "/usr/bin/firefox" "-marionette" "-profile" "/tmp/rust_mozprofile.Gyhb4C7EDcFm"
1528125387714	Marionette	INFO	Listening on port 42857
1528125387859	Marionette	WARN	TLS certificate errors will be ignored for this session
[Child 14640, Chrome_ChildThread] WARNING: pipe error (38): Connection reset by peer: file /build/firefox-AIw0T6/firefox-60.0.1+build2/ipc/chromium/src/chrome/common/ipc_channel_posix.cc, line 353
[Child 14640, Chrome_ChildThread] WARNING: pipe error (3): Connection reset by peer: file /build/firefox-AIw0T6/firefox-60.0.1+build2/ipc/chromium/src/chrome/common/ipc_channel_posix.cc, line 353
1528125878708	geckodriver	INFO	geckodriver 0.19.1
1528125878721	geckodriver	INFO	Listening on 127.0.0.1:45899
1528125880181	mozrunner::runner	INFO	Running command: "/usr/bin/firefox" "-marionette" "-profile" "/tmp/rust_mozprofile.oQ3e4CCYqIXI"
1528125887862	Marionette	INFO	Listening on port 38271
1528125887939	Marionette	WARN	TLS certificate errors will be ignored for this session
1528178258231	geckodriver	INFO	geckodriver 0.19.1
1528178258276	geckodriver	INFO	Listening on 127.0.0.1:44936
1528178259600	mozrunner::runner	INFO	Running command: "/usr/bin/firefox" "-marionette" "-profile" "/tmp/rust_mozprofile.HdwCuFzsHLmJ"
1528178267746	Marionette	INFO	Listening on port 41701
1528178267939	Marionette	WARN	TLS certificate errors will be ignored for this session
1528178372776	geckodriver	INFO	geckodriver 0.19.1
1528178372790	geckodriver	INFO	Listening on 127.0.0.1:43168
1528178374029	mozrunner::runner	INFO	Running command: "/usr/bin/firefox" "-marionette" "-profile" "/tmp/rust_mozprofile.SBO7EYKG6RWa"
1528178380045	Marionette	INFO	Listening on port 35495
1528178380089	Marionette	WARN	TLS certificate errors will be ignored for this session
*** UTM:SVC TimerManager:registerTimer called after profile-before-change notification. Ignoring timer registration for id: telemetry_modules_ping
1528178451746	geckodriver	INFO	geckodriver 0.19.1
1528178451757	geckodriver	INFO	Listening on 127.0.0.1:60466
1528178453012	mozrunner::runner	INFO	Running command: "/usr/bin/firefox" "-marionette" "-profile" "/tmp/rust_mozprofile.PdOBi2zErkr1"
1528178459177	Marionette	INFO	Listening on port 45529
1528178459249	Marionette	WARN	TLS certificate errors will be ignored for this session
1528178484253	geckodriver	INFO	geckodriver 0.19.1
1528178484262	geckodriver	INFO	Listening on 127.0.0.1:57621
1528178485497	mozrunner::runner	INFO	Running command: "/usr/bin/firefox" "-marionette" "-profile" "/tmp/rust_mozprofile.KGpiNuxpdFbP"
1528178491951	Marionette	INFO	Listening on port 33275
1528178492050	Marionette	WARN	TLS certificate errors will be ignored for this session
*** UTM:SVC TimerManager:registerTimer called after profile-before-change notification. Ignoring timer registration for id: telemetry_modules_ping
1528179347810	geckodriver	INFO	geckodriver 0.19.1
1528179347823	geckodriver	INFO	Listening on 127.0.0.1:56217
1528179349063	mozrunner::runner	INFO	Running command: "/usr/bin/firefox" "-marionette" "-profile" "/tmp/rust_mozprofile.OXY6VOVyo6QM"
1528179355379	Marionette	INFO	Listening on port 36568
1528179355432	Marionette	WARN	TLS certificate errors will be ignored for this session
1528179444867	geckodriver	INFO	geckodriver 0.19.1
1528179444878	geckodriver	INFO	Listening on 127.0.0.1:45819
1528179446120	mozrunner::runner	INFO	Running command: "/usr/bin/firefox" "-marionette" "-profile" "/tmp/rust_mozprofile.zKNhXA6JqbbR"
1528179452459	Marionette	INFO	Listening on port 33121
1528179452557	Marionette	WARN	TLS certificate errors will be ignored for this session
